0 info it worked if it ends with ok
1 verbose cli [ 'C:\\Program Files\\nodejs\\\\node.exe',
1 verbose cli   'C:\\Program Files\\nodejs\\node_modules\\npm\\bin\\npm-cli.js',
1 verbose cli   'run',
1 verbose cli   'watch' ]
2 info using npm@2.5.1
3 info using node@v0.12.1
4 verbose node symlink C:\Program Files\nodejs\\node.exe
5 verbose run-script [ 'prewatch', 'watch', 'postwatch' ]
6 info prewatch customComponents@1.0.0
7 info watch customComponents@1.0.0
8 verbose unsafe-perm in lifecycle true
9 info customComponents@1.0.0 Failed to exec watch script
10 verbose stack Error: customComponents@1.0.0 watch: `watchify --debug -t babelify ./src/app.jsx > ./dist/bundle.js -v`
10 verbose stack Exit status 1
10 verbose stack     at EventEmitter.<anonymous> (C:\Program Files\nodejs\node_modules\npm\lib\utils\lifecycle.js:213:16)
10 verbose stack     at EventEmitter.emit (events.js:110:17)
10 verbose stack     at ChildProcess.<anonymous> (C:\Program Files\nodejs\node_modules\npm\lib\utils\spawn.js:14:12)
10 verbose stack     at ChildProcess.emit (events.js:110:17)
10 verbose stack     at maybeClose (child_process.js:1008:16)
10 verbose stack     at Process.ChildProcess._handle.onexit (child_process.js:1080:5)
11 verbose pkgid customComponents@1.0.0
12 verbose cwd C:\Dev\sandbox\react-demo
13 error Windows_NT 6.1.7601
14 error argv "C:\\Program Files\\nodejs\\\\node.exe" "C:\\Program Files\\nodejs\\node_modules\\npm\\bin\\npm-cli.js" "run" "watch"
15 error node v0.12.1
16 error npm  v2.5.1
17 error code ELIFECYCLE
18 error customComponents@1.0.0 watch: `watchify --debug -t babelify ./src/app.jsx > ./dist/bundle.js -v`
18 error Exit status 1
19 error Failed at the customComponents@1.0.0 watch script 'watchify --debug -t babelify ./src/app.jsx > ./dist/bundle.js -v'.
19 error This is most likely a problem with the customComponents package,
19 error not with npm itself.
19 error Tell the author that this fails on your system:
19 error     watchify --debug -t babelify ./src/app.jsx > ./dist/bundle.js -v
19 error You can get their info via:
19 error     npm owner ls customComponents
19 error There is likely additional logging output above.
20 verbose exit [ 1, true ]
